<?xml version="1.0" encoding="UTF-8"?>
<testsuite name="models.HeroTest" tests="1" skipped="0" failures="0" errors="0" timestamp="2021-02-23T18:34:11" hostname="DESKTOP-75JSA90" time="0.023">
  <properties/>
  <testcase name="newHero_getName_String()" classname="models.HeroTest" time="0.023"/>
  <system-out><![CDATA[]]></system-out>
  <system-err><![CDATA[]]></system-err>
</testsuite>
