<?xml version="1.0" encoding="UTF-8"?>
<testsuite name="models.HeroTest" tests="1" skipped="0" failures="0" errors="0" timestamp="2021-02-23T19:14:34" hostname="DESKTOP-75JSA90" time="0.019">
  <properties/>
  <testcase name="newHero_getAllInstances_true()" classname="models.HeroTest" time="0.019"/>
  <system-out><![CDATA[]]></system-out>
  <system-err><![CDATA[]]></system-err>
</testsuite>
